<?xml version="1.0" encoding="UTF-8"?>
<testng-results ignored="0" total="1" passed="1" failed="0" skipped="0">
  <reporter-output>
  </reporter-output>
  <suite started-at="2024-06-13T16:52:19 IST" name="Default suite" finished-at="2024-06-13T16:52:22 IST" duration-ms="3221">
    <groups>
    </groups>
    <test started-at="2024-06-13T16:52:19 IST" name="Default test" finished-at="2024-06-13T16:52:22 IST" duration-ms="3221">
      <class name="graphQL.GraphQL_Mutation">
        <test-method signature="testMutationGraphQL()[pri:0, instance:graphQL.GraphQL_Mutation@dbf57b3]" started-at="2024-06-13T16:52:19 IST" name="testMutationGraphQL" finished-at="2024-06-13T16:52:22 IST" duration-ms="3183" status="PASS">
          <reporter-output>
          </reporter-output>
        </test-method> <!-- testMutationGraphQL -->
      </class> <!-- graphQL.GraphQL_Mutation -->
    </test> <!-- Default test -->
  </suite> <!-- Default suite -->
</testng-results>
